<?xml version="1.0" encoding="UTF-8"?>
<!-- Generated by org.testng.reporters.JUnitReportReporter -->
<testsuite hostname="Rithesh" failures="0" tests="1" name="apicode.base.MainClass" time="10.689" errors="0" timestamp="2025-08-15T20:15:25 IST" skipped="0">
  <testcase classname="apicode.base.MainClass" name="test" time="10.689"/>
  <system-out/>
</testsuite> <!-- apicode.base.MainClass -->
