<?xml version="1.0" encoding="UTF-8"?>
<!-- Generated by org.testng.reporters.JUnitReportReporter -->
<testsuite hostname="Rithesh" failures="0" tests="1" name="apicode.base.SearchProductValid" time="10.026" errors="0" timestamp="2025-08-15T20:10:32 IST" skipped="0">
  <testcase classname="apicode.base.SearchProductValid" name="searchProductValid" time="10.026"/>
  <system-out/>
</testsuite> <!-- apicode.base.SearchProductValid -->
