<?xml version="1.0" encoding="UTF-8"?>
<!-- Generated by org.testng.reporters.JUnitReportReporter -->
<testsuite hostname="Rithesh" failures="0" tests="1" name="apicode.base1.MainClassOne2" time="3.483" errors="0" timestamp="2025-08-16T11:30:37 IST" skipped="0">
  <testcase classname="apicode.base1.MainClassOne2" name="testPOST" time="3.483"/>
  <system-out/>
</testsuite> <!-- apicode.base1.MainClassOne2 -->
